<?xml version="1.0" encoding="UTF-8"?>
<!-- Generated by org.testng.reporters.JUnitXMLReporter -->
<testsuite ignored="1" hostname="AkbaraliN.local" failures="1" tests="1" name="ParameteriseTest2" time="0.005" errors="0" timestamp="2021-12-31T18:53:23 IST">
  <testcase classname="FrameworkSessionone.Parameter" name="sum" time="0.0">
    <failure type="org.testng.TestNGException" message="
Parameter &amp;apos;num1&amp;apos; is required by @Test on method sum but has not been marked @Optional or defined
in /Users/akbarali.nagalpara/eclipse-workspace/FrameworkBasic/testng.xml">
      <![CDATA[org.testng.TestNGException: 
Parameter 'num1' is required by @Test on method sum but has not been marked @Optional or defined
in /Users/akbarali.nagalpara/eclipse-workspace/FrameworkBasic/testng.xml
at java.base/java.util.ArrayList.forEach(ArrayList.java:1511)
... Removed 26 stack frames]]>
    </failure>
  </testcase> <!-- sum -->
  <testcase classname="FrameworkSessionone.Parameter" name="parametertest" time="0.0">
    <ignored/>
  </testcase> <!-- parametertest -->
</testsuite> <!-- ParameteriseTest2 -->
